c:\users\wesley\source\repos\sylantstrike\sylantstrike\x64\release\sylantstrike.pch
c:\users\wesley\source\repos\sylantstrike\sylantstrike\x64\release\vc143.pdb
c:\users\wesley\source\repos\sylantstrike\sylantstrike\x64\release\pch.obj
c:\users\wesley\source\repos\sylantstrike\sylantstrike\x64\release\dllmain.obj
c:\users\wesley\source\repos\sylantstrike\sylantstrike\x64\release\sylantstrike.obj
c:\users\wesley\source\repos\sylantstrike\sylantstrike\x64\release\trampoline.obj
c:\users\wesley\source\repos\sylantstrike\sylantstrike\x64\release\hook.obj
c:\users\wesley\source\repos\sylantstrike\sylantstrike\x64\release\hde64.obj
c:\users\wesley\source\repos\sylantstrike\sylantstrike\x64\release\hde32.obj
c:\users\wesley\source\repos\sylantstrike\sylantstrike\x64\release\buffer.obj
c:\users\wesley\source\repos\sylantstrike\x64\release\sylantstrike.dll
c:\users\wesley\source\repos\sylantstrike\sylantstrike\x64\release\sylantstrike.ipdb
c:\users\wesley\source\repos\sylantstrike\x64\release\sylantstrike.pdb
c:\users\wesley\source\repos\sylantstrike\sylantstrike\x64\release\sylantstrike.iobj
c:\users\wesley\source\repos\sylantstrike\sylantstrike\x64\release\sylantstrike.tlog\cl.command.1.tlog
c:\users\wesley\source\repos\sylantstrike\sylantstrike\x64\release\sylantstrike.tlog\cl.read.1.tlog
c:\users\wesley\source\repos\sylantstrike\sylantstrike\x64\release\sylantstrike.tlog\cl.write.1.tlog
c:\users\wesley\source\repos\sylantstrike\sylantstrike\x64\release\sylantstrike.tlog\link.command.1.tlog
c:\users\wesley\source\repos\sylantstrike\sylantstrike\x64\release\sylantstrike.tlog\link.read.1.tlog
c:\users\wesley\source\repos\sylantstrike\sylantstrike\x64\release\sylantstrike.tlog\link.write.1.tlog
