c:\users\wesley\source\repos\sylantstrike\sylantstrike\x64\debug\sylantstrike.pch
c:\users\wesley\source\repos\sylantstrike\sylantstrike\x64\debug\vc143.pdb
c:\users\wesley\source\repos\sylantstrike\sylantstrike\x64\debug\vc143.idb
c:\users\wesley\source\repos\sylantstrike\sylantstrike\x64\debug\pch.obj
c:\users\wesley\source\repos\sylantstrike\sylantstrike\x64\debug\dllmain.obj
c:\users\wesley\source\repos\sylantstrike\sylantstrike\x64\debug\sylantstrike.obj
c:\users\wesley\source\repos\sylantstrike\sylantstrike\x64\debug\trampoline.obj
c:\users\wesley\source\repos\sylantstrike\sylantstrike\x64\debug\hook.obj
c:\users\wesley\source\repos\sylantstrike\sylantstrike\x64\debug\hde64.obj
c:\users\wesley\source\repos\sylantstrike\sylantstrike\x64\debug\hde32.obj
c:\users\wesley\source\repos\sylantstrike\sylantstrike\x64\debug\buffer.obj
c:\users\wesley\source\repos\sylantstrike\sylantstrike\x64\debug\sylantstrike.ilk
c:\users\wesley\source\repos\sylantstrike\x64\debug\sylantstrike.dll
c:\users\wesley\source\repos\sylantstrike\x64\debug\sylantstrike.pdb
c:\users\wesley\source\repos\sylantstrike\sylantstrike\x64\debug\sylantstrike.tlog\cl.command.1.tlog
c:\users\wesley\source\repos\sylantstrike\sylantstrike\x64\debug\sylantstrike.tlog\cl.read.1.tlog
c:\users\wesley\source\repos\sylantstrike\sylantstrike\x64\debug\sylantstrike.tlog\cl.write.1.tlog
c:\users\wesley\source\repos\sylantstrike\sylantstrike\x64\debug\sylantstrike.tlog\link.command.1.tlog
c:\users\wesley\source\repos\sylantstrike\sylantstrike\x64\debug\sylantstrike.tlog\link.read.1.tlog
c:\users\wesley\source\repos\sylantstrike\sylantstrike\x64\debug\sylantstrike.tlog\link.write.1.tlog
